<?xml version="1.0" encoding="UTF-8"?>
<testsuite xmlns:xsi="http://www.w3.org/2001/XMLSchema-instance" xsi:schemaLocation="https://maven.apache.org/surefire/maven-surefire-plugin/xsd/surefire-test-report.xsd" name="runners.Runner" time="0.388" tests="3" errors="0" skipped="3" failures="0">
  <properties>
[...]
</properties>
  <testcase name="Validate the main content of the Pagination Page" classname="TechGlobal Pagination Functionality" time="0">
    <skipped/>
  </testcase>
  <testcase name="Validate the Pagination Page Next/Previous buttons" classname="TechGlobal Pagination Functionality" time="0">
    <skipped/>
  </testcase>
  <testcase name="Validate the Pagination Page cities content" classname="TechGlobal Pagination Functionality" time="0">
    <skipped/>
  </testcase>
</testsuite>